============================= test session starts =============================
platform win32 -- Python 3.11.9, pytest-9.0.2, pluggy-1.6.0
rootdir: C:\Genizahsearch
plugins: anyio-4.12.1
collected 1094 items / 3 skipped

tests\test_background_removal.py .........................               [  2%]
tests\test_bibliography_merge.py ...................................     [  5%]
tests\test_boundary_search.py ..................................         [  8%]
tests\test_bracket_search.py .......................                     [ 10%]
tests\test_browse_bootstrap.py ........                                  [ 11%]
tests\test_browse_state.py .....                                         [ 11%]
tests\test_corrections_service.py ......                                 [ 12%]
tests\test_desktop_folio_navigation.py .........                         [ 13%]
tests\test_desktop_pending_corrections.py .........                      [ 14%]
tests\test_direct_image_resolution.py ........                           [ 14%]
tests\test_document_service.py .................................         [ 17%]
tests\test_excel_logic.py .......                                        [ 18%]
tests\test_exclusion.py ...............                                  [ 19%]
tests\test_export_service.py ........................................... [ 23%]
.......                                                                  [ 24%]
tests\test_fist_gap_fill.py .......                                      [ 25%]
tests\test_fjms_joins_integration.py ............                        [ 26%]
tests\test_fjms_service.py ............................................. [ 30%]
........................................................                 [ 35%]
tests\test_measurements.py .................................             [ 38%]
tests\test_missing_tantivy.py .                                          [ 38%]
tests\test_mosseri_cudl.py .................                             [ 40%]
tests\test_nli_crossref_service.py ..................................... [ 43%]
...............................                                          [ 46%]
tests\test_offline_verification.py ............                          [ 47%]
tests\test_puzzle_export.py .............                                [ 48%]
tests\test_puzzle_image_service.py ...............                       [ 49%]
tests\test_puzzle_model.py ..........                                    [ 50%]
tests\test_puzzle_publish.py ............                                [ 51%]
tests\test_puzzle_service.py ..............                              [ 53%]
tests\test_puzzle_web_api.py .......................                     [ 55%]
tests\test_refinement.py ........................................        [ 58%]
tests\test_responsa_core.py ............................................ [ 62%]
........................................................                 [ 68%]
tests\test_responsa_edge_cases.py ....................                   [ 69%]
tests\test_responsa_integration.py ...................................   [ 73%]
tests\test_responsa_parity.py ...............................            [ 75%]
tests\test_responsa_performance.py sssss                                 [ 76%]
tests\test_responsa_regression.py ..............................         [ 79%]
tests\test_search_bootstrap.py .........                                 [ 79%]
tests\test_search_normalization.py .........................             [ 82%]
tests\test_search_state.py .....                                         [ 82%]
tests\test_shared_service.py ........................................... [ 86%]
.                                                                        [ 86%]
tests\test_shelfmark_normalization.py .................                  [ 88%]
tests\test_shelfmark_normalization_unified.py .......................... [ 90%]
..........                                                               [ 91%]
tests\test_translation_qc.py .........................                   [ 93%]
tests\test_translation_service.py ...................................... [ 97%]
..........                                                               [ 98%]
tests\test_version_selector_pending.py .....                             [ 98%]
tests\test_visual_similarity.py ..............                           [100%]

====================== 1089 passed, 8 skipped in 37.91s =======================
